  adressFunc.c
C:\worknantara\emb2025\adr_wada\AdressBook\AdressBook\adressFunc.c(65,6): warning C4996: 'scanf': This function or variable may be unsafe. Consider using scanf_s instead. To disable deprecation, use _CRT_SECURE_NO_WARNINGS. See online help for details.
C:\worknantara\emb2025\adr_wada\AdressBook\AdressBook\adressFunc.c(66,6): warning C4996: 'sprintf': This function or variable may be unsafe. Consider using sprintf_s instead. To disable deprecation, use _CRT_SECURE_NO_WARNINGS. See online help for details.
C:\worknantara\emb2025\adr_wada\AdressBook\AdressBook\adressFunc.c(73,6): warning C4996: 'scanf': This function or variable may be unsafe. Consider using scanf_s instead. To disable deprecation, use _CRT_SECURE_NO_WARNINGS. See online help for details.
C:\worknantara\emb2025\adr_wada\AdressBook\AdressBook\adressFunc.c(81,3): warning C4996: 'scanf': This function or variable may be unsafe. Consider using scanf_s instead. To disable deprecation, use _CRT_SECURE_NO_WARNINGS. See online help for details.
C:\worknantara\emb2025\adr_wada\AdressBook\AdressBook\adressFunc.c(98,3): warning C4996: 'scanf': This function or variable may be unsafe. Consider using scanf_s instead. To disable deprecation, use _CRT_SECURE_NO_WARNINGS. See online help for details.
C:\worknantara\emb2025\adr_wada\AdressBook\AdressBook\adressFunc.c(125,3): warning C4996: 'scanf': This function or variable may be unsafe. Consider using scanf_s instead. To disable deprecation, use _CRT_SECURE_NO_WARNINGS. See online help for details.
C:\worknantara\emb2025\adr_wada\AdressBook\AdressBook\adressFunc.c(133,4): warning C4996: 'scanf': This function or variable may be unsafe. Consider using scanf_s instead. To disable deprecation, use _CRT_SECURE_NO_WARNINGS. See online help for details.
C:\worknantara\emb2025\adr_wada\AdressBook\AdressBook\adressFunc.c(152,3): warning C4996: 'scanf': This function or variable may be unsafe. Consider using scanf_s instead. To disable deprecation, use _CRT_SECURE_NO_WARNINGS. See online help for details.
C:\worknantara\emb2025\adr_wada\AdressBook\AdressBook\adressFunc.c(201,3): warning C4996: 'scanf': This function or variable may be unsafe. Consider using scanf_s instead. To disable deprecation, use _CRT_SECURE_NO_WARNINGS. See online help for details.
C:\worknantara\emb2025\adr_wada\AdressBook\AdressBook\adressFunc.c(207,4): warning C4996: 'scanf': This function or variable may be unsafe. Consider using scanf_s instead. To disable deprecation, use _CRT_SECURE_NO_WARNINGS. See online help for details.
C:\worknantara\emb2025\adr_wada\AdressBook\AdressBook\adressFunc.c(208,4): warning C4996: 'sprintf': This function or variable may be unsafe. Consider using sprintf_s instead. To disable deprecation, use _CRT_SECURE_NO_WARNINGS. See online help for details.
C:\worknantara\emb2025\adr_wada\AdressBook\AdressBook\adressFunc.c(215,4): warning C4996: 'scanf': This function or variable may be unsafe. Consider using scanf_s instead. To disable deprecation, use _CRT_SECURE_NO_WARNINGS. See online help for details.
C:\worknantara\emb2025\adr_wada\AdressBook\AdressBook\adressFunc.c(225,4): warning C4996: 'scanf': This function or variable may be unsafe. Consider using scanf_s instead. To disable deprecation, use _CRT_SECURE_NO_WARNINGS. See online help for details.
  adressIO.c
  adressMain.c
C:\worknantara\emb2025\adr_wada\AdressBook\AdressBook\adressMain.c(87,4): warning C4996: 'scanf': This function or variable may be unsafe. Consider using scanf_s instead. To disable deprecation, use _CRT_SECURE_NO_WARNINGS. See online help for details.
C:\worknantara\emb2025\adr_wada\AdressBook\AdressBook\adressMain.c(111,4): warning C4996: 'scanf': This function or variable may be unsafe. Consider using scanf_s instead. To disable deprecation, use _CRT_SECURE_NO_WARNINGS. See online help for details.
  コードを生成中...
  AdressBook.vcxproj -> C:\worknantara\emb2025\adr_wada\AdressBook\x64\Debug\AdressBook.exe
